[INFO] Scanning for projects...
[INFO] 
[INFO] ------------------< com.csc301:profile-microservice >-------------------
[INFO] Building profile-microservice 0.0.1-SNAPSHOT
[INFO] --------------------------------[ jar ]---------------------------------
[INFO] 
[INFO] --- maven-resources-plugin:3.1.0:resources (default-resources) @ profile-microservice ---
[INFO] Using 'UTF-8' encoding to copy filtered resources.
[INFO] Copying 1 resource
[INFO] Copying 0 resource
[INFO] 
[INFO] --- maven-compiler-plugin:3.8.1:compile (default-compile) @ profile-microservice ---
[INFO] Nothing to compile - all classes are up to date
[INFO] 
[INFO] --- maven-resources-plugin:3.1.0:testResources (default-testResources) @ profile-microservice ---
[INFO] Using 'UTF-8' encoding to copy filtered resources.
[INFO] skip non existing resourceDirectory /Users/choyiny/UTSC/CSCC01/repos/a3-a3-yes/profile-microservice/src/test/resources
[INFO] 
[INFO] --- maven-compiler-plugin:3.8.1:testCompile (default-testCompile) @ profile-microservice ---
[INFO] Nothing to compile - all classes are up to date
[INFO] 
[INFO] --- maven-surefire-plugin:2.22.2:test (default-test) @ profile-microservice ---
[INFO] 
[INFO] -------------------------------------------------------
[INFO]  T E S T S
[INFO] -------------------------------------------------------
[INFO] Running com.csc301.profilemicroservice.ProfileMicroserviceApplicationTests
21:43:11.820 [main] DEBUG org.springframework.test.context.junit4.SpringJUnit4ClassRunner - SpringJUnit4ClassRunner constructor called with [class com.csc301.profilemicroservice.ProfileMicroserviceApplicationTests]
21:43:11.825 [main] DEBUG org.springframework.test.context.BootstrapUtils - Instantiating CacheAwareContextLoaderDelegate from class [org.springframework.test.context.cache.DefaultCacheAwareContextLoaderDelegate]
21:43:11.830 [main] INFO org.springframework.core.KotlinDetector - Kotlin reflection implementation not found at runtime, related features won't be available.
21:43:11.833 [main] DEBUG org.springframework.test.context.BootstrapUtils - Instantiating BootstrapContext using constructor [public org.springframework.test.context.support.DefaultBootstrapContext(java.lang.Class,org.springframework.test.context.CacheAwareContextLoaderDelegate)]
21:43:11.851 [main] DEBUG org.springframework.test.context.BootstrapUtils - Instantiating TestContextBootstrapper for test class [com.csc301.profilemicroservice.ProfileMicroserviceApplicationTests] from class [org.springframework.boot.test.context.SpringBootTestContextBootstrapper]
21:43:11.864 [main] INFO org.springframework.boot.test.context.SpringBootTestContextBootstrapper - Neither @ContextConfiguration nor @ContextHierarchy found for test class [com.csc301.profilemicroservice.ProfileMicroserviceApplicationTests], using SpringBootContextLoader
21:43:11.867 [main] DEBUG org.springframework.test.context.support.AbstractContextLoader - Did not detect default resource location for test class [com.csc301.profilemicroservice.ProfileMicroserviceApplicationTests]: class path resource [com/csc301/profilemicroservice/ProfileMicroserviceApplicationTests-context.xml] does not exist
21:43:11.867 [main] DEBUG org.springframework.test.context.support.AbstractContextLoader - Did not detect default resource location for test class [com.csc301.profilemicroservice.ProfileMicroserviceApplicationTests]: class path resource [com/csc301/profilemicroservice/ProfileMicroserviceApplicationTestsContext.groovy] does not exist
21:43:11.867 [main] INFO org.springframework.test.context.support.AbstractContextLoader - Could not detect default resource locations for test class [com.csc301.profilemicroservice.ProfileMicroserviceApplicationTests]: no resource found for suffixes {-context.xml, Context.groovy}.
21:43:11.868 [main] INFO org.springframework.test.context.support.AnnotationConfigContextLoaderUtils - Could not detect default configuration classes for test class [com.csc301.profilemicroservice.ProfileMicroserviceApplicationTests]: ProfileMicroserviceApplicationTests does not declare any static, non-private, non-final, nested classes annotated with @Configuration.
21:43:11.901 [main] DEBUG org.springframework.test.context.support.ActiveProfilesUtils - Could not find an 'annotation declaring class' for annotation type [org.springframework.test.context.ActiveProfiles] and class [com.csc301.profilemicroservice.ProfileMicroserviceApplicationTests]
21:43:12.011 [main] DEBUG org.springframework.context.annotation.ClassPathScanningCandidateComponentProvider - Identified candidate component class: file [/Users/choyiny/UTSC/CSCC01/repos/a3-a3-yes/profile-microservice/target/classes/com/csc301/profilemicroservice/ProfileMicroserviceApplication.class]
21:43:12.014 [main] INFO org.springframework.boot.test.context.SpringBootTestContextBootstrapper - Found @SpringBootConfiguration com.csc301.profilemicroservice.ProfileMicroserviceApplication for test class com.csc301.profilemicroservice.ProfileMicroserviceApplicationTests
21:43:12.095 [main] DEBUG org.springframework.boot.test.context.SpringBootTestContextBootstrapper - @TestExecutionListeners is not present for class [com.csc301.profilemicroservice.ProfileMicroserviceApplicationTests]: using defaults.
21:43:12.096 [main] INFO org.springframework.boot.test.context.SpringBootTestContextBootstrapper - Loaded default TestExecutionListener class names from location [META-INF/spring.factories]: [org.springframework.boot.test.mock.mockito.MockitoTestExecutionListener, org.springframework.boot.test.mock.mockito.ResetMocksTestExecutionListener, org.springframework.boot.test.autoconfigure.restdocs.RestDocsTestExecutionListener, org.springframework.boot.test.autoconfigure.web.client.MockRestServiceServerResetTestExecutionListener, org.springframework.boot.test.autoconfigure.web.servlet.MockMvcPrintOnlyOnFailureTestExecutionListener, org.springframework.boot.test.autoconfigure.web.servlet.WebDriverTestExecutionListener, org.springframework.test.context.web.ServletTestExecutionListener, org.springframework.test.context.support.DirtiesContextBeforeModesTestExecutionListener, org.springframework.test.context.support.DependencyInjectionTestExecutionListener, org.springframework.test.context.support.DirtiesContextTestExecutionListener, org.springframework.test.context.transaction.TransactionalTestExecutionListener, org.springframework.test.context.jdbc.SqlScriptsTestExecutionListener]
21:43:12.106 [main] DEBUG org.springframework.boot.test.context.SpringBootTestContextBootstrapper - Skipping candidate TestExecutionListener [org.springframework.test.context.transaction.TransactionalTestExecutionListener] due to a missing dependency. Specify custom listener classes or make the default listener classes and their required dependencies available. Offending class: [org/springframework/transaction/interceptor/TransactionAttributeSource]
21:43:12.106 [main] DEBUG org.springframework.boot.test.context.SpringBootTestContextBootstrapper - Skipping candidate TestExecutionListener [org.springframework.test.context.jdbc.SqlScriptsTestExecutionListener] due to a missing dependency. Specify custom listener classes or make the default listener classes and their required dependencies available. Offending class: [org/springframework/transaction/interceptor/TransactionAttribute]
21:43:12.106 [main] INFO org.springframework.boot.test.context.SpringBootTestContextBootstrapper - Using TestExecutionListeners: [org.springframework.test.context.web.ServletTestExecutionListener@15ff3e9e, org.springframework.test.context.support.DirtiesContextBeforeModesTestExecutionListener@5fdcaa40, org.springframework.boot.test.mock.mockito.MockitoTestExecutionListener@6dc17b83, org.springframework.boot.test.autoconfigure.SpringBootDependencyInjectionTestExecutionListener@5e0826e7, org.springframework.test.context.support.DirtiesContextTestExecutionListener@32eff876, org.springframework.boot.test.mock.mockito.ResetMocksTestExecutionListener@8dbdac1, org.springframework.boot.test.autoconfigure.restdocs.RestDocsTestExecutionListener@6e20b53a, org.springframework.boot.test.autoconfigure.web.client.MockRestServiceServerResetTestExecutionListener@71809907, org.springframework.boot.test.autoconfigure.web.servlet.MockMvcPrintOnlyOnFailureTestExecutionListener@3ce1e309, org.springframework.boot.test.autoconfigure.web.servlet.WebDriverTestExecutionListener@6aba2b86]
21:43:12.108 [main] DEBUG org.springframework.test.annotation.ProfileValueUtils - Retrieved @ProfileValueSourceConfiguration [null] for test class [com.csc301.profilemicroservice.ProfileMicroserviceApplicationTests]
21:43:12.108 [main] DEBUG org.springframework.test.annotation.ProfileValueUtils - Retrieved ProfileValueSource type [class org.springframework.test.annotation.SystemProfileValueSource] for class [com.csc301.profilemicroservice.ProfileMicroserviceApplicationTests]
21:43:12.110 [main] DEBUG org.springframework.test.annotation.ProfileValueUtils - Retrieved @ProfileValueSourceConfiguration [null] for test class [com.csc301.profilemicroservice.ProfileMicroserviceApplicationTests]
21:43:12.110 [main] DEBUG org.springframework.test.annotation.ProfileValueUtils - Retrieved ProfileValueSource type [class org.springframework.test.annotation.SystemProfileValueSource] for class [com.csc301.profilemicroservice.ProfileMicroserviceApplicationTests]
21:43:12.110 [main] DEBUG org.springframework.test.annotation.ProfileValueUtils - Retrieved @ProfileValueSourceConfiguration [null] for test class [com.csc301.profilemicroservice.ProfileMicroserviceApplicationTests]
21:43:12.110 [main] DEBUG org.springframework.test.annotation.ProfileValueUtils - Retrieved ProfileValueSource type [class org.springframework.test.annotation.SystemProfileValueSource] for class [com.csc301.profilemicroservice.ProfileMicroserviceApplicationTests]
21:43:12.114 [main] DEBUG org.springframework.test.context.support.AbstractDirtiesContextTestExecutionListener - Before test class: context [DefaultTestContext@5b239d7d testClass = ProfileMicroserviceApplicationTests, testInstance = [null], testMethod = [null], testException = [null], mergedContextConfiguration = [WebMergedContextConfiguration@6572421 testClass = ProfileMicroserviceApplicationTests, locations = '{}', classes = '{class com.csc301.profilemicroservice.ProfileMicroserviceApplication}', contextInitializerClasses = '[]', activeProfiles = '{}', propertySourceLocations = '{}', propertySourceProperties = '{org.springframework.boot.test.context.SpringBootTestContextBootstrapper=true}', contextCustomizers = set[org.springframework.boot.test.context.filter.ExcludeFilterContextCustomizer@57e1b0c, org.springframework.boot.test.json.DuplicateJsonObjectContextCustomizerFactory$DuplicateJsonObjectContextCustomizer@305fd85d, org.springframework.boot.test.mock.mockito.MockitoContextCustomizer@0, org.springframework.boot.test.web.client.TestRestTemplateContextCustomizer@7e2d773b, org.springframework.boot.test.autoconfigure.properties.PropertyMappingContextCustomizer@0, org.springframework.boot.test.autoconfigure.web.servlet.WebDriverContextCustomizerFactory$Customizer@6b9651f3], resourceBasePath = 'src/main/webapp', contextLoader = 'org.springframework.boot.test.context.SpringBootContextLoader', parent = [null]], attributes = map['org.springframework.test.context.web.ServletTestExecutionListener.activateListener' -> true]], class annotated with @DirtiesContext [false] with mode [null].
21:43:12.115 [main] DEBUG org.springframework.test.annotation.ProfileValueUtils - Retrieved @ProfileValueSourceConfiguration [null] for test class [com.csc301.profilemicroservice.ProfileMicroserviceApplicationTests]
21:43:12.115 [main] DEBUG org.springframework.test.annotation.ProfileValueUtils - Retrieved ProfileValueSource type [class org.springframework.test.annotation.SystemProfileValueSource] for class [com.csc301.profilemicroservice.ProfileMicroserviceApplicationTests]
21:43:12.145 [main] DEBUG org.springframework.test.context.support.TestPropertySourceUtils - Adding inlined properties to environment: {spring.jmx.enabled=false, org.springframework.boot.test.context.SpringBootTestContextBootstrapper=true, server.port=-1}

  .   ____          _            __ _ _
 /\\ / ___'_ __ _ _(_)_ __  __ _ \ \ \ \
( ( )\___ | '_ | '_| | '_ \/ _` | \ \ \ \
 \\/  ___)| |_)| | | | | || (_| |  ) ) ) )
  '  |____| .__|_| |_|_| |_\__, | / / / /
 =========|_|==============|___/=/_/_/_/
 :: Spring Boot ::        (v2.1.7.RELEASE)

2019-12-14 21:43:12.379  WARN 28138 --- [           main] ory$DuplicateJsonObjectContextCustomizer : 

Found multiple occurrences of org.json.JSONObject on the class path:

	jar:file:/Users/choyiny/.m2/repository/com/vaadin/external/google/android-json/0.0.20131108.vaadin1/android-json-0.0.20131108.vaadin1.jar!/org/json/JSONObject.class
	jar:file:/Users/choyiny/.m2/repository/org/json/json/20190722/json-20190722.jar!/org/json/JSONObject.class

You may wish to exclude one of them to ensure predictable runtime behavior

2019-12-14 21:43:12.400  INFO 28138 --- [           main] .c.p.ProfileMicroserviceApplicationTests : Starting ProfileMicroserviceApplicationTests on choyin.local with PID 28138 (started by choyiny in /Users/choyiny/UTSC/CSCC01/repos/a3-a3-yes/profile-microservice)
2019-12-14 21:43:12.401  INFO 28138 --- [           main] .c.p.ProfileMicroserviceApplicationTests : No active profile set, falling back to default profiles: default
2019-12-14 21:43:12.823  WARN 28138 --- [kground-preinit] o.s.h.c.j.Jackson2ObjectMapperBuilder    : For Jackson Kotlin classes support please add "com.fasterxml.jackson.module:jackson-module-kotlin" to the classpath
2019-12-14 21:43:13.484  INFO 28138 --- [           main] Driver                                   : Direct driver instance 843867341 created for server address localhost:7687
2019-12-14 21:43:15.051  INFO 28138 --- [           main] o.s.s.concurrent.ThreadPoolTaskExecutor  : Initializing ExecutorService 'applicationTaskExecutor'
2019-12-14 21:43:15.352  INFO 28138 --- [           main] .c.p.ProfileMicroserviceApplicationTests : Started ProfileMicroserviceApplicationTests in 3.192 seconds (JVM running for 3.876)
[INFO] Tests run: 1, Failures: 0, Errors: 0, Skipped: 0, Time elapsed: 3.823 s - in com.csc301.profilemicroservice.ProfileMicroserviceApplicationTests
2019-12-14 21:43:15.557  INFO 28138 --- [       Thread-3] o.s.s.concurrent.ThreadPoolTaskExecutor  : Shutting down ExecutorService 'applicationTaskExecutor'
[INFO] 
[INFO] Results:
[INFO] 
[INFO] Tests run: 1, Failures: 0, Errors: 0, Skipped: 0
[INFO] 
[INFO] 
[INFO] --- maven-jar-plugin:3.1.2:jar (default-jar) @ profile-microservice ---
[INFO] Building jar: /Users/choyiny/UTSC/CSCC01/repos/a3-a3-yes/profile-microservice/target/profile-microservice-0.0.1-SNAPSHOT.jar
[INFO] 
[INFO] --- spring-boot-maven-plugin:2.1.7.RELEASE:repackage (repackage) @ profile-microservice ---
[INFO] Replacing main artifact with repackaged archive
[INFO] 
[INFO] --- maven-install-plugin:2.5.2:install (default-install) @ profile-microservice ---
[INFO] Installing /Users/choyiny/UTSC/CSCC01/repos/a3-a3-yes/profile-microservice/target/profile-microservice-0.0.1-SNAPSHOT.jar to /Users/choyiny/.m2/repository/com/csc301/profile-microservice/0.0.1-SNAPSHOT/profile-microservice-0.0.1-SNAPSHOT.jar
[INFO] Installing /Users/choyiny/UTSC/CSCC01/repos/a3-a3-yes/profile-microservice/pom.xml to /Users/choyiny/.m2/repository/com/csc301/profile-microservice/0.0.1-SNAPSHOT/profile-microservice-0.0.1-SNAPSHOT.pom
[INFO] ------------------------------------------------------------------------
[INFO] BUILD SUCCESS
[INFO] ------------------------------------------------------------------------
[INFO] Total time:  7.179 s
[INFO] Finished at: 2019-12-14T21:43:16-05:00
[INFO] ------------------------------------------------------------------------
